STARTING AT Mon Nov 27 15:02:07 CET 2023
Average Time: 47.5214 ms
Standard Deviation: 2.07315 ms
Average Time vjp: 447.891 ms
Standard Deviation vjp: 0.610727 ms
Average Time: 32.3348 ms
Standard Deviation: 0.649875 ms
Average Time vjp: 225.099 ms
Standard Deviation vjp: 0.670278 ms
Average Time: 12.0698 ms
Standard Deviation: 0.64081 ms
Average Time vjp: 112.672 ms
Standard Deviation vjp: 0.490169 ms
Average Time: 6.6067 ms
Standard Deviation: 0.357001 ms
Average Time vjp: 58.2185 ms
Standard Deviation vjp: 0.944349 ms
Average Time: 3.83986 ms
Standard Deviation: 0.219519 ms
Average Time vjp: 29.7054 ms
Standard Deviation vjp: 0.627898 ms
Average Time: 2.32993 ms
Standard Deviation: 0.233776 ms
Average Time vjp: 15.7977 ms
Standard Deviation vjp: 0.421939 ms

Average Time: 5.50841 ms
Standard Deviation: 0.176472 ms
Average Time vjp: 22.9941 ms
Standard Deviation vjp: 0.0872427 ms
Average Time: 3.44325 ms
Standard Deviation: 0.20291 ms
Average Time vjp: 12.1836 ms
Standard Deviation vjp: 0.870485 ms
Average Time: 2.15268 ms
Standard Deviation: 0.113037 ms
Average Time vjp: 6.64265 ms
Standard Deviation vjp: 0.251825 ms
Average Time: 1.60256 ms
Standard Deviation: 0.108349 ms
Average Time vjp: 3.60504 ms
Standard Deviation vjp: 0.287282 ms
Average Time: 1.35512 ms
Standard Deviation: 0.113829 ms
Average Time vjp: 2.0475 ms
Standard Deviation vjp: 0.0267277 ms
Average Time: 1.29948 ms
Standard Deviation: 0.179556 ms
Average Time vjp: 1.80538 ms
Standard Deviation vjp: 0.0742209 ms

Average Time: 31.5177 ms
Standard Deviation: 0.666633 ms
Average Time vjp: 28.3923 ms
Standard Deviation vjp: 0.240558 ms
Average Time: 16.7838 ms
Standard Deviation: 1.77089 ms
Average Time vjp: 22.5912 ms
Standard Deviation vjp: 0.348271 ms
Average Time: 12.0502 ms
Standard Deviation: 1.28016 ms
Average Time vjp: 22.4122 ms
Standard Deviation vjp: 0.232725 ms
Average Time: 8.1943 ms
Standard Deviation: 0.958519 ms
Average Time vjp: 22.0221 ms
Standard Deviation vjp: 1.26525 ms
Average Time: 5.54182 ms
Standard Deviation: 1.0652 ms
Average Time vjp: 22.2424 ms
Standard Deviation vjp: 1.12104 ms
Average Time: 5.38161 ms
Standard Deviation: 0.484898 ms
Average Time vjp: 21.5905 ms
Standard Deviation vjp: 1.03185 ms

Average Time: 6.60433 ms
Standard Deviation: 0.374689 ms
Average Time vjp: 35.954 ms
Standard Deviation vjp: 0.191224 ms
Average Time: 4.03546 ms
Standard Deviation: 0.158043 ms
Average Time vjp: 16.8475 ms
Standard Deviation vjp: 0.670761 ms
Average Time: 2.49285 ms
Standard Deviation: 0.0778984 ms
Average Time vjp: 12.3657 ms
Standard Deviation vjp: 1.13351 ms
Average Time: 1.76686 ms
Standard Deviation: 0.111692 ms
Average Time vjp: 7.60219 ms
Standard Deviation vjp: 0.671812 ms
Average Time: 1.44067 ms
Standard Deviation: 0.143867 ms
Average Time vjp: 4.50166 ms
Standard Deviation vjp: 0.16002 ms
Average Time: 1.35577 ms
Standard Deviation: 0.197233 ms
Average Time vjp: 3.5093 ms
Standard Deviation vjp: 0.0904894 ms

Average Time: 523.368 ms
Standard Deviation: 1.98601 ms
Average Time vjp: 3633.93 ms
Standard Deviation vjp: 0.595703 ms
Average Time: 262.422 ms
Standard Deviation: 1.45626 ms
Average Time vjp: 1826.45 ms
Standard Deviation vjp: 2.16122 ms
Average Time: 132.669 ms
Standard Deviation: 0.905944 ms
Average Time vjp: 914.908 ms
Standard Deviation vjp: 1.17268 ms
Average Time: 68.2805 ms
Standard Deviation: 0.70933 ms
Average Time vjp: 465.616 ms
Standard Deviation vjp: 0.806174 ms
Average Time: 35.8414 ms
Standard Deviation: 0.851316 ms
Average Time vjp: 238.493 ms
Standard Deviation vjp: 0.800295 ms
Average Time: 20.6086 ms
Standard Deviation: 0.436985 ms
Average Time vjp: 125.167 ms
Standard Deviation vjp: 0.762615 ms
FINISHED at Mon Nov 27 15:18:12 CET 2023
